<?xml version="1.0" encoding="UTF-8"?>
<!-- Generated by org.testng.reporters.JUnitReportReporter -->
<testsuite hostname="TYSS-Amar" failures="0" tests="1" name="RestAssured.TestNgExam" time="2.130" errors="0" timestamp="2024-12-01T17:56:36 IST" skipped="0">
  <testcase classname="RestAssured.TestNgExam" name="sum" time="2.130"/>
</testsuite> <!-- RestAssured.TestNgExam -->
